<?xml version="1.0" encoding="UTF-8"?>
<!-- Generated by org.testng.reporters.JUnitReportReporter -->
<testsuite hostname="Serendipia" failures="0" tests="2" name="com.elblogdesanti.selenium.SeleniumTests" time="23.392" errors="0" timestamp="7 Apr 2020 23:41:18 GMT">
  <testcase classname="com.elblogdesanti.selenium.SeleniumTests" name="myFirstTest" time="11.214"/>
  <testcase classname="com.elblogdesanti.selenium.SeleniumTests" name="mySecond" time="12.178"/>
</testsuite> <!-- com.elblogdesanti.selenium.SeleniumTests -->
